<?xml version="1.0" encoding="UTF-8"?>
<!-- Generated by org.testng.reporters.JUnitXMLReporter -->
<testsuite ignored="2" hostname="LTIN486385" failures="0" tests="4" name="Test1" time="15.169" errors="0" timestamp="2024-04-07T16:15:34 IST">
  <testcase classname="TestCases.TC_001_CapturingCourseInfo" name="courseSearch" time="0.0">
    <skipped/>
  </testcase> <!-- courseSearch -->
  <testcase classname="TestCases.TC_001_CapturingCourseInfo" name="capturingCourseData" time="0.001">
    <skipped/>
  </testcase> <!-- capturingCourseData -->
  <testcase classname="TestCases.TC_003_ReadyToTransform" name="navigationToContactUsPage" time="0.001">
    <skipped/>
  </testcase> <!-- navigationToContactUsPage -->
  <testcase classname="TestCases.TC_003_ReadyToTransform" name="fillingTheForm" time="0.0">
    <skipped/>
  </testcase> <!-- fillingTheForm -->
  <testcase classname="BasePackage.TestNGBaseClass" name="@AfterTest driverClose" time="0.0">
    <ignored/>
  </testcase> <!-- @AfterTest driverClose -->
  <testcase classname="BasePackage.TestNGBaseClass" name="@BeforeTest driverSetup" time="0.0">
    <ignored/>
  </testcase> <!-- @BeforeTest driverSetup -->
</testsuite> <!-- Test1 -->
