<?xml version="1.0" encoding="UTF-8"?>
<!-- Generated by org.testng.reporters.JUnitXMLReporter -->
<testsuite ignored="2" hostname="LTIN486385" failures="0" tests="4" name="Test" time="55.062" errors="0" timestamp="2024-04-07T11:20:06 IST">
  <testcase classname="TestCases.TC_001_CapturingCourseInfo" name="courseSearch" time="7.874"/>
  <testcase classname="TestCases.TC_001_CapturingCourseInfo" name="capturingCourseData" time="8.883"/>
  <testcase classname="TestCases.TC_003_ReadyToTransform" name="navigationToContactUsPage" time="17.009"/>
  <testcase classname="TestCases.TC_003_ReadyToTransform" name="fillingTheForm" time="0.843"/>
  <testcase classname="BasePackage.BaseClass" name="@AfterTest driverClose" time="0.0">
    <ignored/>
  </testcase> <!-- @AfterTest driverClose -->
  <testcase classname="BasePackage.BaseClass" name="@BeforeTest driverSetup" time="0.0">
    <ignored/>
  </testcase> <!-- @BeforeTest driverSetup -->
</testsuite> <!-- Test -->
