<?xml version="1.0" encoding="UTF-8"?>
<testng-results ignored="0" total="4" passed="4" failed="0" skipped="0">
  <reporter-output>
  </reporter-output>
  <suite started-at="2024-04-07T11:19:10 IST" name="Suite" finished-at="2024-04-07T11:20:05 IST" duration-ms="55062">
    <groups>
    </groups>
    <test started-at="2024-04-07T11:19:10 IST" name="Test" finished-at="2024-04-07T11:20:05 IST" duration-ms="55062">
      <class name="TestCases.TC_003_ReadyToTransform">
        <test-method signature="navigationToContactUsPage()[pri:1, instance:TestCases.TC_003_ReadyToTransform@312aa7c]" started-at="2024-04-07T11:19:42 IST" name="navigationToContactUsPage" finished-at="2024-04-07T11:19:59 IST" duration-ms="17009" status="PASS">
          <reporter-output>
          </reporter-output>
        </test-method> <!-- navigationToContactUsPage -->
        <test-method signature="fillingTheForm()[pri:2, instance:TestCases.TC_003_ReadyToTransform@312aa7c]" started-at="2024-04-07T11:19:59 IST" name="fillingTheForm" finished-at="2024-04-07T11:20:00 IST" duration-ms="843" status="PASS">
          <reporter-output>
          </reporter-output>
        </test-method> <!-- fillingTheForm -->
      </class> <!-- TestCases.TC_003_ReadyToTransform -->
      <class name="TestCases.TC_001_CapturingCourseInfo">
        <test-method is-config="true" signature="driverSetup()[pri:0, instance:TestCases.TC_001_CapturingCourseInfo@723ca036]" started-at="2024-04-07T11:19:11 IST" name="driverSetup" finished-at="2024-04-07T11:19:25 IST" duration-ms="13871" status="PASS">
          <reporter-output>
          </reporter-output>
        </test-method> <!-- driverSetup -->
        <test-method signature="courseSearch()[pri:0, instance:TestCases.TC_001_CapturingCourseInfo@723ca036]" started-at="2024-04-07T11:19:25 IST" name="courseSearch" finished-at="2024-04-07T11:19:33 IST" duration-ms="7874" status="PASS">
          <reporter-output>
          </reporter-output>
        </test-method> <!-- courseSearch -->
        <test-method signature="capturingCourseData()[pri:1, instance:TestCases.TC_001_CapturingCourseInfo@723ca036]" started-at="2024-04-07T11:19:33 IST" name="capturingCourseData" finished-at="2024-04-07T11:19:42 IST" depends-on-methods="TestCases.TC_001_CapturingCourseInfo.courseSearch" duration-ms="8883" status="PASS">
          <reporter-output>
          </reporter-output>
        </test-method> <!-- capturingCourseData -->
        <test-method is-config="true" signature="driverClose()[pri:0, instance:TestCases.TC_001_CapturingCourseInfo@723ca036]" started-at="2024-04-07T11:20:00 IST" name="driverClose" finished-at="2024-04-07T11:20:05 IST" duration-ms="5049" status="PASS">
          <reporter-output>
          </reporter-output>
        </test-method> <!-- driverClose -->
      </class> <!-- TestCases.TC_001_CapturingCourseInfo -->
    </test> <!-- Test -->
  </suite> <!-- Suite -->
</testng-results>
